(in /home/work/focus_mail)
(in /home/work/focus_mail)
*** Starting worker mail.focusmail.com:30465:*
*** got: (Job{job_test1} | Sendmail_Job | ["105", 28])
*** Starting worker mail.focusmail.com:30462:*
**************************************************
632
**************************************************
to_emai:13701152223@139.com
to_emai:13799563263@139.com
*** Starting worker mail.focusmail.com:30460:*
to_emai:13805024265@139.com
to_emai:13850179267@139.com
to_emai:13859999926@139.com
to_emai:13914399911@139.com
to_emai:13917772229@139.com
*** Starting worker mail.focusmail.com:30456:*
to_emai:13960400926@139.com
to_emai:13960825766@139.com
to_emai:13960833449@139.com
to_emai:13960880358@139.com
to_emai:15060402185@139.com
to_emai:15280423470@139.com
to_emai:18650361766@139.com
to_emai:13656187555@139.com
to_emai:13671778308@139.com
to_emai:wuwanjun@139.com
to_emai:13564423773@139.com
to_emai:13655116644@139.com
to_emai:13806068188@139.com
to_emai:15968032522@139.com
to_emai:13734568068@139.com
to_emai:13600806350@139.com
to_emai:13622860312@139.com
to_emai:15880025658@139.com
to_emai:18859574288@139.com
to_emai:13635282698@139.com
to_emai:13539884443@139.com
to_emai:13515021119@139.com
to_emai:13561811970@139.com
to_emai:13602669697@139.com
to_emai:13606806338@139.com
to_emai:15205169135@139.com
to_emai:15854178817@139.com
to_emai:15862713619@139.com
to_emai:15960074809@139.com
to_emai:15964029859@139.com
to_emai:15980330432@139.com
to_emai:18764069186@139.com
to_emai:13559372911@139.com
to_emai:13600887756@139.com
to_emai:13705046542@139.com
to_emai:13750832682@139.com
to_emai:13793131433@139.com
to_emai:13905189115@139.com
to_emai:13599097438@139.com
to_emai:13788880802@139.com
to_emai:13805012153@139.com
to_emai:13950282702@139.com
to_emai:13959970756@139.com
to_emai:15063344768@139.com
to_emai:15168808095@139.com
to_emai:15859001195@139.com
to_emai:18675290093@139.com
to_emai:13509396320@139.com
to_emai:13535221683@139.com
to_emai:13774505072@139.com
to_emai:13819102685@139.com
to_emai:13860622778@139.com
to_emai:13862106384@139.com
to_emai:13901009700@139.com
to_emai:13918770518@139.com
to_emai:13929982550@139.com
to_emai:13959840642@139.com
to_emai:15169079316@139.com
to_emai:15863776531@139.com
to_emai:13588280399@139.com
to_emai:13599397996@139.com
to_emai:13600857670@139.com
to_emai:13609525200@139.com
to_emai:13662386237@139.com
to_emai:13681793328@139.com
to_emai:13723983902@139.com
to_emai:13774532173@139.com
to_emai:13774824970@139.com
to_emai:13810851683@139.com
to_emai:13825060807@139.com
to_emai:13924007774@139.com
to_emai:13960471067@139.com
to_emai:15801839057@139.com
to_emai:15953670043@139.com
to_emai:15968930840@139.com
to_emai:18351307060@139.com
to_emai:18818860128@139.com
to_emai:15822392865@139.com
to_emai:kt116@139.com
to_emai:13714580709@139.com
to_emai:gzxuyuwen@139.com
to_emai:13609532243@139.com
to_emai:13867875001@139.com
to_emai:13913890909@139.com
to_emai:13615818970@139.com
to_emai:15915874596@139.com
to_emai:15800055500@139.com
to_emai:15966280288@139.com
to_emai:13665072182@139.com
to_emai:13509393826@139.com
to_emai:13609539007@139.com
to_emai:13631667773@139.com
to_emai:13671758085@139.com
to_emai:13705972619@139.com
to_emai:13799557518@139.com
to_emai:15865276042@139.com
to_emai:15974119848@139.com
to_emai:18763608288@139.com
to_emai:13599097876@139.com
to_emai:13645068118@139.com
to_emai:13665069710@139.com
to_emai:13705012852@139.com
to_emai:13763326685@139.com
to_emai:13811775490@139.com
to_emai:13838181143@139.com
to_emai:13851574936@139.com
to_emai:13859418893@139.com
to_emai:13951300512@139.com
to_emai:15059972090@139.com
to_emai:15806202699@139.com
to_emai:15859128481@139.com
to_emai:18657131021@139.com
to_emai:13424497357@139.com
to_emai:13506269296@139.com
to_emai:13567433007@139.com
to_emai:13581765241@139.com
to_emai:13581918222@139.com
to_emai:13601267625@139.com
to_emai:13635251923@139.com
to_emai:13799996819@139.com
to_emai:13859085052@139.com
to_emai:13905366832@139.com
to_emai:15060022103@139.com
to_emai:15105162691@139.com
to_emai:15253610115@139.com
to_emai:15259569076@139.com
to_emai:18851513003@139.com
to_emai:13489523899@139.com
to_emai:13609588641@139.com
to_emai:13624151331@139.com
to_emai:13799343489@139.com
to_emai:13959906721@139.com
to_emai:15259903625@139.com
to_emai:13413586216@139.com
to_emai:13459181198@139.com
to_emai:13505073071@139.com
to_emai:13634166359@139.com
to_emai:13763869157@139.com
to_emai:13851800295@139.com
to_emai:13912260607@139.com
to_emai:13918007400@139.com
to_emai:13928789985@139.com
to_emai:15080456401@139.com
to_emai:15806065360@139.com
to_emai:15959022432@139.com
to_emai:amy_tj@139.com
to_emai:13773662191@139.com
to_emai:13905006980@139.com
to_emai:13960929655@139.com
to_emai:13506848827@139.com
to_emai:13556268118@139.com
to_emai:13631494521@139.com
to_emai:13710701291@139.com
to_emai:13611761668@139.com
to_emai:13818599608@139.com
to_emai:13682244808@139.com
to_emai:13906939552@139.com
to_emai:13777810837@139.com
to_emai:15959954607@139.com
to_emai:15980029088@139.com
to_emai:15869122792@139.com
to_emai:15959029144@139.com
to_emai:13809533610@139.com
to_emai:13575754741@139.com
to_emai:13660767205@139.com
to_emai:13760667157@139.com
to_emai:13793609934@139.com
to_emai:13859909031@139.com
to_emai:13905928827@139.com
to_emai:15167194115@139.com
to_emai:15806015947@139.com
to_emai:15859101520@139.com
to_emai:15884428504@139.com
to_emai:15957170108@139.com
to_emai:15959512388@139.com
to_emai:18850522205@139.com
to_emai:13502444927@139.com
to_emai:13559431334@139.com
to_emai:13609574778@139.com
to_emai:13705000484@139.com
to_emai:13705912619@139.com
to_emai:13705948310@139.com
to_emai:13736666515@139.com
to_emai:13788898908@139.com
to_emai:13793181122@139.com
to_emai:13814515985@139.com
to_emai:13951319785@139.com
to_emai:13960378311@139.com
to_emai:13960854654@139.com
to_emai:13960986312@139.com
to_emai:15069015072@139.com
to_emai:15069061679@139.com
to_emai:15093109078@139.com
to_emai:18764151717@139.com
to_emai:18765826853@139.com
to_emai:13505028757@139.com
to_emai:13588141873@139.com
to_emai:13599054495@139.com
to_emai:13685006658@139.com
to_emai:13793196622@139.com
to_emai:13799407834@139.com
to_emai:13842069693@139.com
to_emai:13902329955@139.com
to_emai:13913857777@139.com
to_emai:13960707334@139.com
to_emai:13967116609@139.com
to_emai:13599101169@139.com
to_emai:13599947153@139.com
to_emai:13618793933@139.com
to_emai:13732200049@139.com
to_emai:13735710788@139.com
to_emai:13760898731@139.com
to_emai:13819104529@139.com
to_emai:13859094523@139.com
to_emai:13958885195@139.com
to_emai:zimor@139.com
to_emai:13431575008@139.com
to_emai:13599392772@139.com
to_emai:13609536640@139.com
to_emai:13696808353@139.com
to_emai:13774553619@139.com
to_emai:13851520517@139.com
to_emai:13860668228@139.com
to_emai:13960906710@139.com
to_emai:13989480128@139.com
to_emai:15106971972@139.com
to_emai:15106992202@139.com
to_emai:15280155751@139.com
to_emai:15851219966@139.com
to_emai:15902120355@139.com
to_emai:15980152543@139.com
to_emai:15806000144@139.com
to_emai:15860835505@139.com
to_emai:15980808018@139.com
to_emai:15996690166@139.com
to_emai:18252075040@139.com
to_emai:18765785461@139.com
to_emai:13822617880@139.com
to_emai:13902900599@139.com
to_emai:13646628250@139.com
to_emai:13607978328@139.com
to_emai:15869335457@139.com
to_emai:13937071336@139.com
to_emai:13801724240@139.com
to_emai:13602880369@139.com
to_emai:13914395295@139.com
to_emai:13805017259@139.com
to_emai:13560141116@139.com
to_emai:13599438797@139.com
to_emai:13605949828@139.com
to_emai:13850157408@139.com
to_emai:13853117890@139.com
to_emai:13860652506@139.com
to_emai:13905002311@139.com
to_emai:13906535600@139.com
to_emai:13953661740@139.com
to_emai:13958011044@139.com
to_emai:13964182306@139.com
to_emai:15262765587@139.com
to_emai:15860333371@139.com
to_emai:15867608666@139.com
to_emai:15880006676@139.com
to_emai:13543406903@139.com
to_emai:13570375535@139.com
*** (Job{job_test1} | Sendmail_Job | ["105", 28]) failed: #<NoMethodError: undefined method `email_smtp' for nil:NilClass>
